Tue Aug 29 2023 22:35:47 } [PH] error: 🐱‍🏍 globalErrorHandler ~~ 
Invalid `prisma.course.update()` invocation:

{
  where: {
    id: "c67ce94d-6e44-4508-9a1d-8a1677d338f8"
  },
  data: {
    title: "course6",
    code: "666666",
    Prerequisite: [
      {
        courseID: "dd619c9c-8fd9-4211-a8cf-9194c5175817",
        isDeleted: true
      },
      {
        courseID: "cafe9117-eee4-49c4-8199-9ed615ccc46e",
        isDeleted: true
      },
      {
        courseID: "83cffb47-d1cd-4b92-a0d3-d9ad40c3473c",
        isDeleted: false
      }
    ]
    ~~~~~~~~~~~~~~~~~~~~~~~~~~~~~~~~~~~~~~~~~~~~~~~~~~~~
  },
  include: {
    Prerequisite: true,
    PrerequisiteFor: true
  }
}

Argument `Prerequisite`: Invalid value provided. Expected CourseToPrerequisiteUpdateManyWithoutCourseNestedInput or CourseToPrerequisiteUncheckedUpdateManyWithoutCourseNestedInput, provided (Object, Object, Object).
Tue Aug 29 2023 22:41:37 } [PH] error: 🐱‍🏍 globalErrorHandler ~~ 
Invalid `prisma.course.update()` invocation:

{
  where: {
    id: "c67ce94d-6e44-4508-9a1d-8a1677d338f8"
  },
  data: {
    title: "course6",
    code: "666666",
    Prerequisite: [
      {
        courseID: "dd619c9c-8fd9-4211-a8cf-9194c5175817",
        isDeleted: true
      },
      {
        courseID: "cafe9117-eee4-49c4-8199-9ed615ccc46e",
        isDeleted: true
      },
      {
        courseID: "83cffb47-d1cd-4b92-a0d3-d9ad40c3473c",
        isDeleted: false
      }
    ]
    ~~~~~~~~~~~~~~~~~~~~~~~~~~~~~~~~~~~~~~~~~~~~~~~~~~~~
  },
  include: {
    Prerequisite: true,
    PrerequisiteFor: true
  }
}

Argument `Prerequisite`: Invalid value provided. Expected CourseToPrerequisiteUpdateManyWithoutCourseNestedInput or CourseToPrerequisiteUncheckedUpdateManyWithoutCourseNestedInput, provided (Object, Object, Object).
