Wed Aug 30 2023 13:47:33 } [PH] error: 🐱‍🏍 globalErrorHandler ~~ 
Invalid `prisma.semesterRegistration.update()` invocation:

{
  where: {
    id: undefined,
?   AND?: SemesterRegistrationWhereInput | SemesterRegistrationWhereInput[],
?   OR?: SemesterRegistrationWhereInput[],
?   NOT?: SemesterRegistrationWhereInput | SemesterRegistrationWhereInput[],
?   startDate?: DateTimeFilter | DateTime,
?   endDate?: DateTimeFilter | DateTime,
?   status?: EnumSemesterRegistrationStatusNullableFilter | SemesterRegistrationStatus | Null,
?   minCredit?: IntFilter | Int,
?   maxCredit?: IntFilter | Int,
?   createdAt?: DateTimeFilter | DateTime,
?   updatedAt?: DateTimeFilter | DateTime,
?   academicSemesterId?: StringFilter | String,
?   academicSemester?: AcademicSemesterRelationFilter | AcademicSemesterWhereInput
  },
  data: {
    minCredit: 12,
    maxCredit: 20
  },
  include: {
    academicSemester: true
  }
}

Argument `where` of type SemesterRegistrationWhereUniqueInput needs at least one of `id` arguments. Available options are listed in green.
